<?xml version="1.0" encoding="UTF-8"?>
<!-- Generated by org.testng.reporters.JUnitReportReporter -->
<testsuite hostname="DESKTOP-0PP78O3" failures="0" tests="1" name="Test.loginTestng" time="18.193" errors="0" timestamp="2024-02-04T21:40:07 IST" skipped="0">
  <testcase classname="Test.loginTestng" name="verifyLogin" time="18.193"/>
</testsuite> <!-- Test.loginTestng -->
